<?xml version="1.0" encoding="UTF-8"?>
<!-- Generated by org.testng.reporters.JUnitReportReporter -->
<testsuite hostname="DESKTOP-HEOVU1M" name="roi4cio.TestAddProduct" tests="1" failures="0" timestamp="7 Dec 2016 23:09:36 GMT" time="29.438" errors="0">
  <testcase name="testAddProduct" time="29.438" classname="roi4cio.TestAddProduct"/>
</testsuite> <!-- roi4cio.TestAddProduct -->
