<?xml version="1.0" encoding="UTF-8"?>
<!-- Generated by org.testng.reporters.JUnitReportReporter -->
<testsuite hostname="DESKTOP-HEOVU1M" name="Quantity.QuantityOfElementOnPages" tests="5" failures="0" timestamp="17 Dec 2016 21:50:51 GMT" time="118.711" errors="0">
  <testcase name="verifyQuantityOfSolutions" time="22.323" classname="Quantity.QuantityOfElementOnPages"/>
  <testcase name="verifyQuantityOfProducts" time="22.849" classname="Quantity.QuantityOfElementOnPages"/>
  <testcase name="verifyQuantityOfImplementations" time="25.875" classname="Quantity.QuantityOfElementOnPages"/>
  <testcase name="verifyQuantityOfSuppliers" time="24.473" classname="Quantity.QuantityOfElementOnPages"/>
  <testcase name="verifyQuantityOfVendors" time="23.191" classname="Quantity.QuantityOfElementOnPages"/>
</testsuite> <!-- Quantity.QuantityOfElementOnPages -->
