<?xml version="1.0" encoding="UTF-8"?>
<!-- Generated by org.testng.reporters.JUnitReportReporter -->
<testsuite hostname="DESKTOP-HEOVU1M" name="ChangePassword.TestChangePassword" tests="1" failures="0" timestamp="17 Dec 2016 23:05:43 GMT" time="25.944" errors="0">
  <testcase name="verifyChangePasswordFormDesplayed" time="25.944" classname="ChangePassword.TestChangePassword"/>
</testsuite> <!-- ChangePassword.TestChangePassword -->
