<?xml version="1.0" encoding="UTF-8"?>
<!-- Generated by org.testng.reporters.JUnitReportReporter -->
<testsuite hostname="DESKTOP-HEOVU1M" name="roi4cio.TestLoginPage" tests="6" failures="0" timestamp="2 Dec 2016 23:03:47 GMT" time="83.307" errors="0">
  <testcase name="LogoutAfterLogin" time="14.596" classname="roi4cio.TestLoginPage"/>
  <testcase name="InvalidInputDataForLogin" time="15.739" classname="roi4cio.TestLoginPage"/>
  <testcase name="EmailAndPasswordFieldsAreEmpty" time="12.428" classname="roi4cio.TestLoginPage"/>
  <testcase name="ValidInputDataForlogin" time="15.100" classname="roi4cio.TestLoginPage"/>
  <testcase name="PasswordFieldIsEmpty" time="12.513" classname="roi4cio.TestLoginPage"/>
  <testcase name="EmailFieldIsEmpty" time="12.931" classname="roi4cio.TestLoginPage"/>
</testsuite> <!-- roi4cio.TestLoginPage -->
