<?xml version="1.0" encoding="UTF-8"?>
<!-- Generated by org.testng.reporters.JUnitReportReporter -->
<testsuite hostname="DESKTOP-HEOVU1M" name="Quantity.QuantityOfCardOnThePages" tests="2" failures="0" timestamp="19 Dec 2016 23:33:44 GMT" time="58.140" errors="0">
  <testcase name="verifyQuantityOfProducts" time="31.809" classname="Quantity.QuantityOfCardOnThePages"/>
  <testcase name="verifyQuantityOfSolutions" time="26.331" classname="Quantity.QuantityOfCardOnThePages"/>
</testsuite> <!-- Quantity.QuantityOfCardOnThePages -->
