<?xml version="1.0" encoding="UTF-8"?>
<!-- Generated by org.testng.reporters.JUnitReportReporter -->
<testsuite hostname="DESKTOP-HEOVU1M" name="roi4cio.test1" tests="1" failures="0" timestamp="23 Nov 2016 21:43:16 GMT" time="5.911" errors="0">
  <testcase name="ValidInputDataForlogin" time="5.911" classname="roi4cio.test1"/>
</testsuite> <!-- roi4cio.test1 -->
