<?xml version="1.0" encoding="UTF-8"?>
<!-- Generated by org.testng.reporters.JUnitReportReporter -->
<testsuite hostname="DESKTOP-HEOVU1M" name="TestPersonalAnalitics.TestPersonalAnalitic" tests="1" failures="0" timestamp="19 Dec 2016 21:20:53 GMT" time="19.121" errors="0">
  <testcase name="verifyPotentialUserButtonDisplayed" time="19.121" classname="TestPersonalAnalitics.TestPersonalAnalitic"/>
</testsuite> <!-- TestPersonalAnalitics.TestPersonalAnalitic -->
