<?xml version="1.0" encoding="UTF-8"?>
<!-- Generated by org.testng.reporters.JUnitReportReporter -->
<testsuite hostname="DESKTOP-HEOVU1M" name="roi4cio.TestAddProduct" tests="1" failures="0" timestamp="17 Dec 2016 15:15:40 GMT" time="37.583" errors="0">
  <testcase name="testAddProductClickOnYesInConfirmationPopupAfterErrors" time="37.583" classname="roi4cio.TestAddProduct"/>
</testsuite> <!-- roi4cio.TestAddProduct -->
