<?xml version="1.0" encoding="UTF-8"?>
<!-- Generated by org.testng.reporters.JUnitReportReporter -->
<testsuite hostname="DESKTOP-HEOVU1M" name="roi4cio.TestLoginPage" tests="6" failures="0" timestamp="2 Dec 2016 23:15:45 GMT" time="80.713" errors="0">
  <testcase name="ValidInputDataForlogin" time="14.765" classname="roi4cio.TestLoginPage"/>
  <testcase name="EmailAndPasswordFieldsAreEmpty" time="12.545" classname="roi4cio.TestLoginPage"/>
  <testcase name="EmailFieldIsEmpty" time="12.965" classname="roi4cio.TestLoginPage"/>
  <testcase name="LogoutAfterLogin" time="14.870" classname="roi4cio.TestLoginPage"/>
  <testcase name="PasswordFieldIsEmpty" time="12.768" classname="roi4cio.TestLoginPage"/>
  <testcase name="InvalidInputDataForLogin" time="12.800" classname="roi4cio.TestLoginPage"/>
</testsuite> <!-- roi4cio.TestLoginPage -->
